<?xml version="1.0" encoding="UTF-8"?>
<testng-results ignored="0" total="1" passed="1" failed="0" skipped="0">
  <reporter-output>
  </reporter-output>
  <suite started-at="2022-06-29T13:19:51 IST" name="Default suite" finished-at="2022-06-29T13:19:57 IST" duration-ms="5520">
    <groups>
    </groups>
    <test started-at="2022-06-29T13:19:51 IST" name="Default test" finished-at="2022-06-29T13:19:57 IST" duration-ms="5520">
      <class name="api.testcases.PutTest">
        <test-method is-config="true" signature="startUp()[pri:0, instance:api.testcases.PutTest@4af46df3]" started-at="2022-06-29T13:19:51 IST" name="startUp" finished-at="2022-06-29T13:19:52 IST" duration-ms="1248" status="PASS">
          <reporter-output>
          </reporter-output>
        </test-method> <!-- startUp -->
        <test-method signature="createPutRequest()[pri:0, instance:api.testcases.PutTest@4af46df3]" started-at="2022-06-29T13:19:52 IST" name="createPutRequest" finished-at="2022-06-29T13:19:56 IST" duration-ms="4068" status="PASS">
          <reporter-output>
          </reporter-output>
        </test-method> <!-- createPutRequest -->
      </class> <!-- api.testcases.PutTest -->
    </test> <!-- Default test -->
  </suite> <!-- Default suite -->
</testng-results>
